Using pre-set license
Built from '2020.3/staging' branch; Version is '2020.3.0f1 (c7b5465681fb) revision 13088070'; Using compiler version '192528614'; Build Type 'Release'
OS: 'Windows 10 Home; OS build 19042.1348; Version 2009; 64bit' Language: 'en' Physical Memory: 16228 MB
BatchMode: 1, IsHumanControllingUs: 0, StartBugReporterOnCrash: 0, Is64bit: 1, IsPro: 0

 COMMAND LINE ARGUMENTS:
C:\Program Files\Unity\Hub\Editor\2020.3.0f1\Editor\Unity.exe
-adb2
-batchMode
-noUpm
-name
AssetImportWorker0
-projectPath
C:/Users/micha/Desktop/Programming/Repo/UNITY/RPG-GAME/RPG-GAME/RPG-GAME
-logFile
Logs/AssetImportWorker0.log
-srvPort
57256
Successfully changed project path to: C:/Users/micha/Desktop/Programming/Repo/UNITY/RPG-GAME/RPG-GAME/RPG-GAME
C:/Users/micha/Desktop/Programming/Repo/UNITY/RPG-GAME/RPG-GAME/RPG-GAME
Using Asset Import Pipeline V2.
Refreshing native plugins compatible for Editor in 55.55 ms, found 0 plugins.
Preloading 0 native plugins for Editor in 0.00 ms.
Initialize engine version: 2020.3.0f1 (c7b5465681fb)
[Subsystems] Discovering subsystems at path C:/Program Files/Unity/Hub/Editor/2020.3.0f1/Editor/Data/Resources/UnitySubsystems
[Subsystems] Discovering subsystems at path C:/Users/micha/Desktop/Programming/Repo/UNITY/RPG-GAME/RPG-GAME/RPG-GAME/Assets
GfxDevice: creating device client; threaded=0
Direct3D:
    Version:  Direct3D 11.0 [level 11.1]
    Renderer: NVIDIA GeForce MX150 (ID=0x1d10)
    Vendor:   
    VRAM:     1983 MB
    Driver:   27.21.14.6280
Initialize mono
Mono path[0] = 'C:/Program Files/Unity/Hub/Editor/2020.3.0f1/Editor/Data/Managed'
Mono path[1] = 'C:/Program Files/Unity/Hub/Editor/2020.3.0f1/Editor/Data/MonoBleedingEdge/lib/mono/unityjit'
Mono config path = 'C:/Program Files/Unity/Hub/Editor/2020.3.0f1/Editor/Data/MonoBleedingEdge/etc'
Using monoOptions --debugger-agent=transport=dt_socket,embedding=1,server=y,suspend=n,address=127.0.0.1:56988
Begin MonoManager ReloadAssembly
Registering precompiled unity dll's ...
Register platform support module: C:/Program Files/Unity/Hub/Editor/2020.3.0f1/Editor/Data/PlaybackEngines/WindowsStandaloneSupport/UnityEditor.WindowsStandalone.Extensions.dll
Registered in 0.008706 seconds.
Native extension for WindowsStandalone target not found
Refreshing native plugins compatible for Editor in 88.28 ms, found 0 plugins.
Preloading 0 native plugins for Editor in 0.00 ms.
Invoked RoslynAnalysisRunner static constructor.
RoslynAnalysisRunner will not be running.
RoslynAnalysisRunner has terminated.
Mono: successfully reloaded assembly
- Completed reload, in  3.518 seconds
Platform modules already initialized, skipping
Registering precompiled user dll's ...
Registered in 0.002094 seconds.
Begin MonoManager ReloadAssembly
Native extension for WindowsStandalone target not found
Refreshing native plugins compatible for Editor in 0.45 ms, found 0 plugins.
Preloading 0 native plugins for Editor in 0.00 ms.
Invoked RoslynAnalysisRunner static constructor.
RoslynAnalysisRunner will not be running.
RoslynAnalysisRunner has terminated.
Mono: successfully reloaded assembly
- Completed reload, in  2.243 seconds
Platform modules already initialized, skipping
========================================================================
Worker process is ready to serve import requests
Launched and connected shader compiler UnityShaderCompiler.exe after 0.20 seconds
Refreshing native plugins compatible for Editor in 0.38 ms, found 0 plugins.
Preloading 0 native plugins for Editor in 0.00 ms.
Unloading 1113 Unused Serialized files (Serialized files now loaded: 0)
System memory in use before: 56.8 MB.
System memory in use after: 56.9 MB.

Unloading 10 unused Assets to reduce memory usage. Loaded Objects now: 1555.
Total: 3.511600 ms (FindLiveObjects: 0.304300 ms CreateObjectMapping: 0.101100 ms MarkObjects: 2.950400 ms  DeleteObjects: 0.153500 ms)

========================================================================
Received Import Request.
  path: Assets/_Scenes
  artifactKey: Guid(d79f3bb28a444ea40b2cd9cffde978b6) Importer(815301076,1909f56bfc062723c751e8b465ee728b)
Start importing Assets/_Scenes using Guid(d79f3bb28a444ea40b2cd9cffde978b6) Importer(815301076,1909f56bfc062723c751e8b465ee728b)  -> (artifact id: '7b8cd0d8f79f875bbb2605235c883031') in 0.045793 seconds
  Import took 0.055981 seconds .

========================================================================
Received Import Request.
  Time since last request: 0.339576 seconds.
  path: Assets/_Scripts
  artifactKey: Guid(db4f80613f5c6e44da37b52408700e32) Importer(815301076,1909f56bfc062723c751e8b465ee728b)
Start importing Assets/_Scripts using Guid(db4f80613f5c6e44da37b52408700e32) Importer(815301076,1909f56bfc062723c751e8b465ee728b)  -> (artifact id: '57dc8af92733fd3e8b1a16510023fcc9') in 0.039395 seconds
  Import took 0.049244 seconds .

========================================================================
Received Import Request.
  Time since last request: 7.103383 seconds.
  path: Assets/_Prefabs
  artifactKey: Guid(3277fb420ca2531468abb12c3a5f7680) Importer(815301076,1909f56bfc062723c751e8b465ee728b)
Start importing Assets/_Prefabs using Guid(3277fb420ca2531468abb12c3a5f7680) Importer(815301076,1909f56bfc062723c751e8b465ee728b)  -> (artifact id: '69025c00fe4d8d07548b60548fe03ba2') in 0.027026 seconds
  Import took 0.032931 seconds .

========================================================================
Received Import Request.
  Time since last request: 3.113920 seconds.
  path: Assets/_Materials
  artifactKey: Guid(20a5786c078ed1e4dad76f4ba229fc47) Importer(815301076,1909f56bfc062723c751e8b465ee728b)
Start importing Assets/_Materials using Guid(20a5786c078ed1e4dad76f4ba229fc47) Importer(815301076,1909f56bfc062723c751e8b465ee728b)  -> (artifact id: '24fd5afc5f94fead48654265ec117cfa') in 0.023378 seconds
  Import took 0.028635 seconds .

========================================================================
Received Import Request.
  Time since last request: 4.869435 seconds.
  path: Assets
  artifactKey: Guid(00000000000000001000000000000000) Importer(815301076,1909f56bfc062723c751e8b465ee728b)
Start importing Assets using Guid(00000000000000001000000000000000) Importer(815301076,1909f56bfc062723c751e8b465ee728b)  -> (artifact id: '42baae205c97e3337697759514652acd') in 0.020809 seconds
  Import took 0.025487 seconds .

AssetImportWorkerClient::OnTransportError - code=2 error=End of file
